<?xml version="1.0" encoding="UTF-8"?>
<coverage generated="1619310896143" clover="3.2.0">
  <project timestamp="1619310896143" name="All files">
    <metrics statements="17" coveredstatements="15" conditionals="6" coveredconditionals="6" methods="6" coveredmethods="4" elements="29" coveredelements="25" complexity="0" loc="17" ncloc="17" packages="2" files="4" classes="4"/>
    <package name="api">
      <metrics statements="0" coveredstatements="0" conditionals="0" coveredconditionals="0" methods="0" coveredmethods="0"/>
      <file name="index.ts" path="/Users/shahzaibshahid/Github/Github-Gist-API/src/api/index.ts">
        <metrics statements="0" coveredstatements="0" conditionals="0" coveredconditionals="0" methods="0" coveredmethods="0"/>
      </file>
    </package>
    <package name="components">
      <metrics statements="17" coveredstatements="15" conditionals="6" coveredconditionals="6" methods="6" coveredmethods="4"/>
      <file name="Badge.tsx" path="/Users/shahzaibshahid/Github/Github-Gist-API/src/components/Badge.tsx">
        <metrics statements="4" coveredstatements="4" conditionals="2" coveredconditionals="2" methods="2" coveredmethods="2"/>
        <line num="9" count="1" type="stmt"/>
        <line num="14" count="1" type="stmt"/>
        <line num="19" count="1" type="stmt"/>
        <line num="20" count="1" type="cond" truecount="2" falsecount="0"/>
      </file>
      <file name="Card.tsx" path="/Users/shahzaibshahid/Github/Github-Gist-API/src/components/Card.tsx">
        <metrics statements="5" coveredstatements="5" conditionals="0" coveredconditionals="0" methods="1" coveredmethods="1"/>
        <line num="9" count="1" type="stmt"/>
        <line num="17" count="1" type="stmt"/>
        <line num="22" count="1" type="stmt"/>
        <line num="28" count="1" type="stmt"/>
        <line num="29" count="1" type="stmt"/>
      </file>
      <file name="Search.tsx" path="/Users/shahzaibshahid/Github/Github-Gist-API/src/components/Search.tsx">
        <metrics statements="8" coveredstatements="6" conditionals="4" coveredconditionals="4" methods="3" coveredmethods="1"/>
        <line num="5" count="1" type="stmt"/>
        <line num="25" count="1" type="stmt"/>
        <line num="26" count="1" type="stmt"/>
        <line num="28" count="1" type="cond" truecount="2" falsecount="0"/>
        <line num="30" count="1" type="stmt"/>
        <line num="31" count="0" type="stmt"/>
        <line num="33" count="1" type="stmt"/>
        <line num="35" count="0" type="stmt"/>
      </file>
    </package>
  </project>
</coverage>
