{"/Users/shahzaibshahid/Github/Github-Gist-API/src/api/index.ts": {"path":"/Users/shahzaibshahid/Github/Github-Gist-API/src/api/index.ts","statementMap":{},"fnMap":{},"branchMap":{},"s":{},"f":{},"b":{},"_coverageSchema":"1a1c01bbd47fc00a2c39e90264f33305004495a9","hash":"b3350d6114472aa65cd47b44f4f53cf1d6cad16c"}
,"/Users/shahzaibshahid/Github/Github-Gist-API/src/components/Badge.tsx": {"path":"/Users/shahzaibshahid/Github/Github-Gist-API/src/components/Badge.tsx","statementMap":{"0":{"start":{"line":9,"column":18},"end":{"line":17,"column":1}},"1":{"start":{"line":14,"column":35},"end":{"line":14,"column":46}},"2":{"start":{"line":19,"column":14},"end":{"line":23,"column":1}},"3":{"start":{"line":20,"column":4},"end":{"line":22,"column":16}}},"fnMap":{"0":{"name":"(anonymous_0)","decl":{"start":{"line":14,"column":24},"end":{"line":14,"column":25}},"loc":{"start":{"line":14,"column":35},"end":{"line":14,"column":46}},"line":14},"1":{"name":"(anonymous_1)","decl":{"start":{"line":19,"column":14},"end":{"line":19,"column":15}},"loc":{"start":{"line":19,"column":42},"end":{"line":23,"column":1}},"line":19}},"branchMap":{"0":{"loc":{"start":{"line":20,"column":29},"end":{"line":20,"column":47}},"type":"binary-expr","locations":[{"start":{"line":20,"column":29},"end":{"line":20,"column":34}},{"start":{"line":20,"column":38},"end":{"line":20,"column":47}}],"line":20}},"s":{"0":1,"1":1,"2":1,"3":1},"f":{"0":1,"1":1},"b":{"0":[1,1]},"_coverageSchema":"1a1c01bbd47fc00a2c39e90264f33305004495a9","hash":"5737f87a0af3b3dbe406c89a979ffa3b21752625"}
,"/Users/shahzaibshahid/Github/Github-Gist-API/src/components/Card.tsx": {"path":"/Users/shahzaibshahid/Github/Github-Gist-API/src/components/Card.tsx","statementMap":{"0":{"start":{"line":9,"column":17},"end":{"line":15,"column":1}},"1":{"start":{"line":17,"column":18},"end":{"line":20,"column":1}},"2":{"start":{"line":22,"column":20},"end":{"line":26,"column":1}},"3":{"start":{"line":28,"column":13},"end":{"line":35,"column":1}},"4":{"start":{"line":29,"column":4},"end":{"line":34,"column":15}}},"fnMap":{"0":{"name":"(anonymous_0)","decl":{"start":{"line":28,"column":13},"end":{"line":28,"column":14}},"loc":{"start":{"line":28,"column":45},"end":{"line":35,"column":1}},"line":28}},"branchMap":{},"s":{"0":1,"1":1,"2":1,"3":1,"4":1},"f":{"0":1},"b":{},"_coverageSchema":"1a1c01bbd47fc00a2c39e90264f33305004495a9","hash":"c7ec936aef5450357a184cd3ad5f5fb0063c78f5"}
,"/Users/shahzaibshahid/Github/Github-Gist-API/src/components/Search.tsx": {"path":"/Users/shahzaibshahid/Github/Github-Gist-API/src/components/Search.tsx","statementMap":{"0":{"start":{"line":5,"column":18},"end":{"line":17,"column":1}},"1":{"start":{"line":25,"column":15},"end":{"line":39,"column":1}},"2":{"start":{"line":26,"column":42},"end":{"line":26,"column":62}},"3":{"start":{"line":28,"column":24},"end":{"line":28,"column":53}},"4":{"start":{"line":30,"column":32},"end":{"line":32,"column":5}},"5":{"start":{"line":31,"column":8},"end":{"line":31,"column":42}},"6":{"start":{"line":33,"column":4},"end":{"line":38,"column":16}},"7":{"start":{"line":35,"column":67},"end":{"line":35,"column":87}}},"fnMap":{"0":{"name":"(anonymous_0)","decl":{"start":{"line":25,"column":15},"end":{"line":25,"column":16}},"loc":{"start":{"line":25,"column":76},"end":{"line":39,"column":1}},"line":25},"1":{"name":"(anonymous_1)","decl":{"start":{"line":30,"column":32},"end":{"line":30,"column":33}},"loc":{"start":{"line":30,"column":96},"end":{"line":32,"column":5}},"line":30},"2":{"name":"(anonymous_2)","decl":{"start":{"line":35,"column":61},"end":{"line":35,"column":62}},"loc":{"start":{"line":35,"column":67},"end":{"line":35,"column":87}},"line":35}},"branchMap":{"0":{"loc":{"start":{"line":28,"column":24},"end":{"line":28,"column":53}},"type":"binary-expr","locations":[{"start":{"line":28,"column":24},"end":{"line":28,"column":41}},{"start":{"line":28,"column":45},"end":{"line":28,"column":53}}],"line":28},"1":{"loc":{"start":{"line":36,"column":13},"end":{"line":36,"column":41}},"type":"binary-expr","locations":[{"start":{"line":36,"column":13},"end":{"line":36,"column":29}},{"start":{"line":36,"column":33},"end":{"line":36,"column":41}}],"line":36}},"s":{"0":1,"1":1,"2":1,"3":1,"4":1,"5":0,"6":1,"7":0},"f":{"0":1,"1":0,"2":0},"b":{"0":[1,1],"1":[1,1]},"_coverageSchema":"1a1c01bbd47fc00a2c39e90264f33305004495a9","hash":"518a0d21351e3e1191cc998e986ab6656f698f5e"}
}
